1749814173: mosquitto version 2.0.21 starting
1749814173: Config loaded from /mosquitto/config/mosquitto.conf.
1749814173: Opening ipv4 listen socket on port 1883.
1749814173: Opening ipv6 listen socket on port 1883.
1749814173: Opening websockets listen socket on port 9001.
1749814173: Opening ipv4 listen socket on port 1883.
1749814173: Error: Address in use
1749814337: mosquitto version 2.0.21 starting
1749814337: Config loaded from /mosquitto/config/mosquitto.conf.
1749814337: Opening ipv4 listen socket on port 1883.
1749814337: Opening ipv6 listen socket on port 1883.
1749814337: Opening websockets listen socket on port 9001.
1749814337: Opening ipv4 listen socket on port 1883.
1749814337: Error: Address in use
1749814514: mosquitto version 2.0.21 starting
1749814514: Config loaded from /mosquitto/config/mosquitto.conf.
1749814514: Opening ipv4 listen socket on port 1883.
1749814514: Opening ipv6 listen socket on port 1883.
1749814514: Opening websockets listen socket on port 9001.
1749814514: mosquitto version 2.0.21 running
1749814624: mosquitto version 2.0.21 terminating
1749814624: Saving in-memory database to /mosquitto/data//mosquitto.db.
1749814631: mosquitto version 2.0.21 starting
1749814631: Config loaded from /mosquitto/config/mosquitto.conf.
1749814631: Opening ipv4 listen socket on port 1883.
1749814631: Opening ipv6 listen socket on port 1883.
1749814631: Opening websockets listen socket on port 9001.
1749814631: mosquitto version 2.0.21 running
1749814652: New connection from 172.21.144.1:60890 on port 1883.
1749814652: New client connected from 172.21.144.1:60890 as mqttx_d256375f (p5, c1, k60).
1749814696: Client mqttx_d256375f disconnected.
1749866806: mosquitto version 2.0.21 starting
1749866806: Config loaded from /mosquitto/config/mosquitto.conf.
1749866806: Opening ipv4 listen socket on port 1883.
1749866806: Opening ipv6 listen socket on port 1883.
1749866806: Opening websockets listen socket on port 9001.
1749866806: mosquitto version 2.0.21 running
1749867514: mosquitto version 2.0.21 terminating
1749867514: Saving in-memory database to /mosquitto/data//mosquitto.db.
1749867993: mosquitto version 2.0.21 starting
1749867993: Config loaded from /mosquitto/config/mosquitto.conf.
1749867993: Opening ipv4 listen socket on port 1883.
1749867993: Opening ipv6 listen socket on port 1883.
1749867993: Opening websockets listen socket on port 9001.
1749867993: mosquitto version 2.0.21 running
1749868324: mosquitto version 2.0.21 terminating
1749868324: Saving in-memory database to /mosquitto/data//mosquitto.db.
1749868335: mosquitto version 2.0.21 starting
1749868335: Config loaded from /mosquitto/config/mosquitto.conf.
1749868335: Opening ipv4 listen socket on port 1883.
1749868335: Opening ipv6 listen socket on port 1883.
1749868335: Opening websockets listen socket on port 9001.
1749868335: mosquitto version 2.0.21 running
1749868569: mosquitto version 2.0.21 terminating
1749868569: Saving in-memory database to /mosquitto/data//mosquitto.db.
1749868578: mosquitto version 2.0.21 starting
1749868578: Config loaded from /mosquitto/config/mosquitto.conf.
1749868578: Opening ipv4 listen socket on port 1883.
1749868578: Opening ipv6 listen socket on port 1883.
1749868578: Opening websockets listen socket on port 9001.
1749868578: mosquitto version 2.0.21 running
1749868971: mosquitto version 2.0.21 terminating
1749868971: Saving in-memory database to /mosquitto/data//mosquitto.db.
1749868980: mosquitto version 2.0.21 starting
1749868980: Config loaded from /mosquitto/config/mosquitto.conf.
1749868980: Opening ipv4 listen socket on port 1883.
1749868980: Opening ipv6 listen socket on port 1883.
1749868980: Opening websockets listen socket on port 9001.
1749868980: mosquitto version 2.0.21 running
1749869051: mosquitto version 2.0.21 terminating
1749869051: Saving in-memory database to /mosquitto/data//mosquitto.db.
1749869062: mosquitto version 2.0.21 starting
1749869062: Config loaded from /mosquitto/config/mosquitto.conf.
1749869062: Opening ipv4 listen socket on port 1883.
1749869062: Opening ipv6 listen socket on port 1883.
1749869062: Opening websockets listen socket on port 9001.
1749869062: mosquitto version 2.0.21 running
1749870863: Saving in-memory database to /mosquitto/data//mosquitto.db.
1749872664: Saving in-memory database to /mosquitto/data//mosquitto.db.
1749874465: Saving in-memory database to /mosquitto/data//mosquitto.db.
1749876266: Saving in-memory database to /mosquitto/data//mosquitto.db.
1749878067: Saving in-memory database to /mosquitto/data//mosquitto.db.
1749879868: Saving in-memory database to /mosquitto/data//mosquitto.db.
1749881669: Saving in-memory database to /mosquitto/data//mosquitto.db.
1749883470: Saving in-memory database to /mosquitto/data//mosquitto.db.
1749885271: Saving in-memory database to /mosquitto/data//mosquitto.db.
1749886580: mosquitto version 2.0.21 terminating
1749886580: Saving in-memory database to /mosquitto/data//mosquitto.db.
1749886599: mosquitto version 2.0.21 starting
1749886599: Config loaded from /mosquitto/config/mosquitto.conf.
1749886599: Opening ipv4 listen socket on port 1883.
1749886599: Opening ipv6 listen socket on port 1883.
1749886599: Opening websockets listen socket on port 9001.
1749886599: mosquitto version 2.0.21 running
1749887392: mosquitto version 2.0.21 terminating
1749887392: Saving in-memory database to /mosquitto/data//mosquitto.db.
1749887406: mosquitto version 2.0.21 starting
1749887406: Config loaded from /mosquitto/config/mosquitto.conf.
1749887406: Opening ipv4 listen socket on port 1883.
1749887406: Opening ipv6 listen socket on port 1883.
1749887406: Opening websockets listen socket on port 9001.
1749887406: mosquitto version 2.0.21 running
1749926948: mosquitto version 2.0.21 starting
1749926948: Config loaded from /mosquitto/config/mosquitto.conf.
1749926948: Opening ipv4 listen socket on port 1883.
1749926948: Opening ipv6 listen socket on port 1883.
1749926948: Opening websockets listen socket on port 9001.
1749926948: mosquitto version 2.0.21 running
1749926952: New connection from 172.18.0.1:33818 on port 1883.
1749926952: Client <unknown> disconnected due to protocol error.
1749926953: New connection from 172.18.0.1:33824 on port 1883.
1749926953: Client <unknown> disconnected due to protocol error.
1749926959: New connection from 172.18.0.1:41036 on port 1883.
1749926959: Client <unknown> disconnected due to protocol error.
1749928447: mosquitto version 2.0.21 terminating
1749928447: Saving in-memory database to /mosquitto/data//mosquitto.db.
1749928941: mosquitto version 2.0.21 starting
1749928941: Config loaded from /mosquitto/config/mosquitto.conf.
1749928941: Opening ipv4 listen socket on port 1883.
1749928941: Opening ipv6 listen socket on port 1883.
1749928941: Opening websockets listen socket on port 9001.
1749928941: mosquitto version 2.0.21 running
1749928944: New connection from 172.18.0.1:34184 on port 1883.
1749928944: Client <unknown> disconnected due to protocol error.
1749928945: New connection from 172.18.0.1:34190 on port 1883.
1749928945: Client <unknown> disconnected due to protocol error.
1749928950: New connection from 172.18.0.1:34200 on port 1883.
1749928950: Client <unknown> disconnected due to protocol error.
1749930742: Saving in-memory database to /mosquitto/data//mosquitto.db.
1749932543: Saving in-memory database to /mosquitto/data//mosquitto.db.
1749934344: Saving in-memory database to /mosquitto/data//mosquitto.db.
1749936145: Saving in-memory database to /mosquitto/data//mosquitto.db.
1749937947: Saving in-memory database to /mosquitto/data//mosquitto.db.
1749939748: Saving in-memory database to /mosquitto/data//mosquitto.db.
1749941549: Saving in-memory database to /mosquitto/data//mosquitto.db.
1749943350: Saving in-memory database to /mosquitto/data//mosquitto.db.
1749945151: Saving in-memory database to /mosquitto/data//mosquitto.db.
1749946952: Saving in-memory database to /mosquitto/data//mosquitto.db.
1749947231: mosquitto version 2.0.21 terminating
1749947231: Saving in-memory database to /mosquitto/data//mosquitto.db.
1749962138: mosquitto version 2.0.21 starting
1749962138: Config loaded from /mosquitto/config/mosquitto.conf.
1749962138: Opening ipv4 listen socket on port 1883.
1749962138: Opening ipv6 listen socket on port 1883.
1749962138: Opening websockets listen socket on port 9001.
1749962138: mosquitto version 2.0.21 running
1749963940: Saving in-memory database to /mosquitto/data//mosquitto.db.
1749964348: mosquitto version 2.0.21 terminating
1749964348: Saving in-memory database to /mosquitto/data//mosquitto.db.
